This is pdfTeX, Version 3.141592653-2.6-1.40.28 (MiKTeX 25.12) (preloaded format=pdflatex 2026.6.2)  13 JUL 2026 21:18
entering extended mode
 restricted \write18 enabled.
 file:line:error style messages enabled.
 %&-line parsing enabled.
**"c:/Users/Personal/OneDrive/Escritorio/database monroy/ProyectoFinalBD/DocumentacionProyectoFinalBD.tex"
(c:/Users/Personal/OneDrive/Escritorio/database monroy/ProyectoFinalBD/DocumentacionProyectoFinalBD.tex
LaTeX2e <2025-11-01>
L3 programming layer <2025-12-24>
(C:\Users\Personal\AppData\Local\Programs\MiKTeX\tex/latex/base\article.cls
Document Class: article 2025/01/22 v1.4n Standard LaTeX document class
(C:\Users\Personal\AppData\Local\Programs\MiKTeX\tex/latex/base\size10.clo
File: size10.clo 2025/01/22 v1.4n Standard LaTeX file (size option)
)
\c@part=\count275
\c@section=\count276
\c@subsection=\count277
\c@subsubsection=\count278
\c@paragraph=\count279
\c@subparagraph=\count280
\c@figure=\count281
\c@table=\count282
\abovecaptionskip=\skip49
\belowcaptionskip=\skip50
\bibindent=\dimen148
) (C:\Users\Personal\AppData\Local\Programs\MiKTeX\tex/latex/base\inputenc.sty
Package: inputenc 2024/02/08 v1.3d Input encoding file
\inpenc@prehook=\toks17
\inpenc@posthook=\toks18
) (C:\Users\Personal\AppData\Local\Programs\MiKTeX\tex/latex/base\fontenc.sty
Package: fontenc 2025/07/18 v2.1d Standard LaTeX package
) (C:\Users\Personal\AppData\Local\Programs\MiKTeX\tex/generic/babel\babel.sty
Package: babel 2025/12/11 v25.17 The multilingual framework for LuaLaTeX, pdfLaTeX and XeLaTeX
\babel@savecnt=\count283
LaTeX Encoding Info:    Redeclaring text command \ij (encoding OT1) on input line 2068.
LaTeX Encoding Info:    Redeclaring text command \IJ (encoding OT1) on input line 2070.
LaTeX Encoding Info:    Redeclaring text command \ij (encoding T1) on input line 2072.
LaTeX Encoding Info:    Redeclaring text command \IJ (encoding T1) on input line 2073.
LaTeX Encoding Info:    Ignoring declaration for text command \ij (encoding ?) on input line 2074.
LaTeX Encoding Info:    Ignoring declaration for text command \IJ (encoding ?) on input line 2076.
LaTeX Encoding Info:    Ignoring declaration for text command \SS (encoding ?) on input line 2101.
\U@D=\dimen149
\l@unhyphenated=\language79
 (C:\Users\Personal\AppData\Local\Programs\MiKTeX\tex/generic/babel\txtbabel.def)
\bbl@readstream=\read2
\bbl@dirlevel=\count284
Package babel Info: Configuration files are deprecated, as
(babel)             they can break document portability.
(babel)             Reported on input line 4196.

*************************************
* Local config file bblopts.cfg used
*
(C:\Users\Personal\AppData\Local\Programs\MiKTeX\tex/latex/arabi\bblopts.cfg
File: bblopts.cfg 2005/09/08 v0.1 add Arabic and Farsi to "declared" options of babel
) (C:\Users\Personal\AppData\Local\Programs\MiKTeX\tex/generic/babel/locale/es\babel-spanish.tex)
Package babel Info: Importing font and identification data for spanish
(babel)             from babel-es.ini. Reported on input line 4320.
 (C:\Users\Personal\AppData\Local\Programs\MiKTeX\tex/latex/babel-spanish\spanish.ldf
Language: spanish.ldf 2021/05/27 v5.0q Spanish support from the babel system
\es@quottoks=\toks19
\es@quotdepth=\count285
Package babel Info: Making " an active character on input line 570.
Package babel Info: Making . an active character on input line 675.
Package babel Info: Making < an active character on input line 722.
Package babel Info: Making > an active character on input line 722.
))
LaTeX Encoding Info:    Redeclaring text command \guillemotleft (encoding OT1) on input line 5.
LaTeX Encoding Info:    Redeclaring text command \guillemotright (encoding OT1) on input line 5.
 (C:\Users\Personal\AppData\Local\Programs\MiKTeX\tex/latex/listings\listings.sty (C:\Users\Personal\AppData\Local\Programs\MiKTeX\tex/latex/graphics\keyval.sty
Package: keyval 2022/05/29 v1.15 key=value parser (DPC)
\KV@toks@=\toks20
)
\lst@mode=\count286
\lst@gtempboxa=\box53
\lst@token=\toks21
\lst@length=\count287
\lst@currlwidth=\dimen150
\lst@column=\count288
\lst@pos=\count289
\lst@lostspace=\dimen151
\lst@width=\dimen152
\lst@newlines=\count290
\lst@lineno=\count291
\lst@maxwidth=\dimen153
 (C:\Users\Personal\AppData\Local\Programs\MiKTeX\tex/latex/listings\lstpatch.sty
File: lstpatch.sty 2025/11/14 1.11b (Carsten Heinz)
) (C:\Users\Personal\AppData\Local\Programs\MiKTeX\tex/latex/listings\lstmisc.sty
File: lstmisc.sty 2025/11/14 1.11b (Carsten Heinz)
\c@lstnumber=\count292
\lst@skipnumbers=\count293
\lst@framebox=\box54
) (C:\Users\Personal\AppData\Local\Programs\MiKTeX\tex/latex/listings\listings.cfg
File: listings.cfg 2025/11/14 1.11b listings configuration
))
Package: listings 2025/11/14 1.11b (Carsten Heinz)

==> First Aid for listings.sty no longer applied!
    Expected:
        2024/09/23 1.10c (Carsten Heinz)
    but found:
        2025/11/14 1.11b (Carsten Heinz)
    so I'm assuming it got fixed.
(C:\Users\Personal\AppData\Local\Programs\MiKTeX\tex/latex/graphics\graphicx.sty
Package: graphicx 2024/12/31 v1.2e Enhanced LaTeX Graphics (DPC,SPQR)
 (C:\Users\Personal\AppData\Local\Programs\MiKTeX\tex/latex/graphics\graphics.sty
Package: graphics 2024/08/06 v1.4g Standard LaTeX Graphics (DPC,SPQR)
 (C:\Users\Personal\AppData\Local\Programs\MiKTeX\tex/latex/graphics\trig.sty
Package: trig 2023/12/02 v1.11 sin cos tan (DPC)
) (C:\Users\Personal\AppData\Local\Programs\MiKTeX\tex/latex/graphics-cfg\graphics.cfg
File: graphics.cfg 2016/06/04 v1.11 sample graphics configuration
)
Package graphics Info: Driver file: pdftex.def on input line 106.
 (C:\Users\Personal\AppData\Local\Programs\MiKTeX\tex/latex/graphics-def\pdftex.def
File: pdftex.def 2025/09/29 v1.2d Graphics/color driver for pdftex
))
\Gin@req@height=\dimen154
\Gin@req@width=\dimen155
) (C:\Users\Personal\AppData\Local\Programs\MiKTeX\tex/latex/grffile\grffile.sty
Package: grffile 2019/11/11 v2.1 Extended file name support for graphics (legacy)
Package grffile Info: This package is an empty stub for compatibility on input line 40.
) (C:\Users\Personal\AppData\Local\Programs\MiKTeX\tex/latex/float\float.sty
Package: float 2001/11/08 v1.3d Float enhancements (AL)
\c@float@type=\count294
\float@exts=\toks22
\float@box=\box55
\@float@everytoks=\toks23
\@floatcapt=\box56
) (C:\Users\Personal\AppData\Local\Programs\MiKTeX\tex/latex/comment\comment.sty
\CommentStream=\write3
 Excluding comment 'comment') (C:\Users\Personal\AppData\Local\Programs\MiKTeX\tex/latex/tools\tabularx.sty
Package: tabularx 2023/12/11 v2.12a `tabularx' package (DPC)
 (C:\Users\Personal\AppData\Local\Programs\MiKTeX\tex/latex/tools\array.sty
Package: array 2025/09/25 v2.6n Tabular extension package (FMi)
\col@sep=\dimen156
\ar@mcellbox=\box57
\extrarowheight=\dimen157
\NC@list=\toks24
\extratabsurround=\skip51
\backup@length=\skip52
\ar@cellbox=\box58
)
\TX@col@width=\dimen158
\TX@old@table=\dimen159
\TX@old@col=\dimen160
\TX@target=\dimen161
\TX@delta=\dimen162
\TX@cols=\count295
\TX@ftn=\toks25
) (C:\Users\Personal\AppData\Local\Programs\MiKTeX\tex/latex/xcolor\xcolor.sty
Package: xcolor 2024/09/29 v3.02 LaTeX color extensions (UK)
 (C:\Users\Personal\AppData\Local\Programs\MiKTeX\tex/latex/graphics-cfg\color.cfg
File: color.cfg 2016/01/02 v1.6 sample color configuration
)
Package xcolor Info: Driver file: pdftex.def on input line 274.
 (C:\Users\Personal\AppData\Local\Programs\MiKTeX\tex/latex/graphics\mathcolor.ltx)
Package xcolor Info: Model `cmy' substituted by `cmy0' on input line 1349.
Package xcolor Info: Model `hsb' substituted by `rgb' on input line 1353.
Package xcolor Info: Model `RGB' extended on input line 1365.
Package xcolor Info: Model `HTML' substituted by `rgb' on input line 1367.
Package xcolor Info: Model `Hsb' substituted by `hsb' on input line 1368.
Package xcolor Info: Model `tHsb' substituted by `hsb' on input line 1369.
Package xcolor Info: Model `HSB' substituted by `hsb' on input line 1370.
Package xcolor Info: Model `Gray' substituted by `gray' on input line 1371.
Package xcolor Info: Model `wave' substituted by `hsb' on input line 1372.
) (C:\Users\Personal\AppData\Local\Programs\MiKTeX\tex/latex/l3backend\l3backend-pdftex.def
File: l3backend-pdftex.def 2025-10-09 L3 backend support: PDF output (pdfTeX)
\l__color_backend_stack_int=\count296
) (DocumentacionProyectoFinalBD.aux
LaTeX Info: Redefining \. on input line 8.
LaTeX Info: Redefining \% on input line 8.
Package babel Info: 'spanish' activates 'spanish' shorthands.
(babel)             Reported on input line 8.


LaTeX Warning: Label `fig:diagrama_er' multiply defined.

)
\openout1 = `DocumentacionProyectoFinalBD.aux'.

LaTeX Font Info:    Checking defaults for OML/cmm/m/it on input line 52.
LaTeX Font Info:    ... okay on input line 52.
LaTeX Font Info:    Checking defaults for OMS/cmsy/m/n on input line 52.
LaTeX Font Info:    ... okay on input line 52.
LaTeX Font Info:    Checking defaults for OT1/cmr/m/n on input line 52.
LaTeX Font Info:    ... okay on input line 52.
LaTeX Font Info:    Checking defaults for T1/cmr/m/n on input line 52.
LaTeX Font Info:    ... okay on input line 52.
LaTeX Font Info:    Checking defaults for TS1/cmr/m/n on input line 52.
LaTeX Font Info:    ... okay on input line 52.
LaTeX Font Info:    Checking defaults for OMX/cmex/m/n on input line 52.
LaTeX Font Info:    ... okay on input line 52.
LaTeX Font Info:    Checking defaults for U/cmr/m/n on input line 52.
LaTeX Font Info:    ... okay on input line 52.
LaTeX Info: Redefining \. on input line 52.
LaTeX Info: Redefining \% on input line 52.
\c@lstlisting=\count297
 (C:\Users\Personal\AppData\Local\Programs\MiKTeX\tex/context/base/mkii\supp-pdf.mkii
[Loading MPS to PDF converter (version 2006.09.02).]
\scratchcounter=\count298
\scratchdimen=\dimen163
\scratchbox=\box59
\nofMPsegments=\count299
\nofMParguments=\count300
\everyMPshowfont=\toks26
\MPscratchCnt=\count301
\MPscratchDim=\dimen164
\MPnumerator=\count302
\makeMPintoPDFobject=\count303
\everyMPtoPDFconversion=\toks27
) (C:\Users\Personal\AppData\Local\Programs\MiKTeX\tex/latex/epstopdf-pkg\epstopdf-base.sty
Package: epstopdf-base 2020-01-24 v2.11 Base part for package epstopdf
Package epstopdf-base Info: Redefining graphics rule for `.eps' on input line 485.
 (C:\Users\Personal\AppData\Local\Programs\MiKTeX\tex/latex/00miktex\epstopdf-sys.cfg
File: epstopdf-sys.cfg 2021/03/18 v2.0 Configuration of epstopdf for MiKTeX
))
LaTeX Font Info:    External font `cmex10' loaded for size
(Font)              <12> on input line 53.
LaTeX Font Info:    External font `cmex10' loaded for size
(Font)              <8> on input line 53.
LaTeX Font Info:    External font `cmex10' loaded for size
(Font)              <6> on input line 53.
LaTeX Font Info:    External font `cmex10' loaded for size
(Font)              <7> on input line 69.
LaTeX Font Info:    External font `cmex10' loaded for size
(Font)              <5> on input line 69.

Overfull \hbox (20.47646pt too wide) in paragraph at lines 69--93
[][] 
 []


Overfull \hbox (22.71942pt too wide) in paragraph at lines 67--94
[]\T1/cmr/m/n/10 En es-te apar-ta-do va-mos a es-truc-tu-rar las ta-blas e im-ple-men-tar un D-ER(Diagrama
 []


LaTeX Warning: `h' float specifier changed to `ht'.

[1

{C:/Users/Personal/AppData/Local/MiKTeX/fonts/map/pdftex/pdftex.map}] [2]
<imagenes/DER.png, id=12, 766.865pt x 744.7825pt>
File: imagenes/DER.png Graphic file (type png)
<use imagenes/DER.png>
Package pdftex.def Info: imagenes/DER.png  used on input line 101.
(pdftex.def)             Requested size: 241.49895pt x 234.53954pt.
<imagenes/DER Workbench.png, id=14, 637.63219pt x 436.63126pt>
File: imagenes/DER Workbench.png Graphic file (type png)
<use imagenes/DER Workbench.png>
Package pdftex.def Info: imagenes/DER Workbench.png  used on input line 108.
(pdftex.def)             Requested size: 241.49895pt x 165.3686pt.
 [3

 <./imagenes/DER.png> <./imagenes/DER Workbench.png>]
Underfull \hbox (badness 10000) in paragraph at lines 114--117

 []


Underfull \hbox (badness 10000) in paragraph at lines 118--121

 []


Underfull \hbox (badness 10000) in paragraph at lines 124--126

 []


Underfull \hbox (badness 10000) in paragraph at lines 128--130

 []

[4

]
Overfull \hbox (16.66226pt too wide) in paragraph at lines 150--151
[]\T1/cmr/bx/n/10 Detalles_Pedido: \T1/cmtt/m/n/10 id_pedido \T1/cmr/m/n/10 (re-fe-ren-cia a la ta-bla \T1/cmtt/m/n/10 Pedidos\T1/cmr/m/n/10 ) y \T1/cmtt/m/n/10 id_producto
 []

(C:\Users\Personal\AppData\Local\Programs\MiKTeX\tex/latex/listings\lstlang1.sty
File: lstlang1.sty 2025/11/14 1.11b listings language file
) [5]
<imagenes/Preuba 1 Poblar la BD.png, id=31, 1087.81406pt x 737.75626pt>
File: imagenes/Preuba 1 Poblar la BD.png Graphic file (type png)
<use imagenes/Preuba 1 Poblar la BD.png>
Package pdftex.def Info: imagenes/Preuba 1 Poblar la BD.png  used on input line 192.
(pdftex.def)             Requested size: 241.49895pt x 163.78157pt.
 [6 <./imagenes/Preuba 1 Poblar la BD.png>] [7

] [8] [9]
<imagenes/Consulta1.png, id=46, 422.32782pt x 529.98pt>
File: imagenes/Consulta1.png Graphic file (type png)
<use imagenes/Consulta1.png>
Package pdftex.def Info: imagenes/Consulta1.png  used on input line 349.
(pdftex.def)             Requested size: 241.49895pt x 303.06215pt.
<imagenes/Consulta 2.png, id=47, 453.19313pt x 249.93375pt>
File: imagenes/Consulta 2.png Graphic file (type png)
<use imagenes/Consulta 2.png>
Package pdftex.def Info: imagenes/Consulta 2.png  used on input line 356.
(pdftex.def)             Requested size: 241.49895pt x 133.18503pt.
 [10 <./imagenes/Consulta1.png>]
<imagenes/Consulta3.png, id=52, 456.95718pt x 258.9675pt>
File: imagenes/Consulta3.png Graphic file (type png)
<use imagenes/Consulta3.png>
Package pdftex.def Info: imagenes/Consulta3.png  used on input line 363.
(pdftex.def)             Requested size: 241.49895pt x 136.8609pt.
<imagenes/Procedimiento1.png, id=53, 761.84625pt x 140.02313pt>
File: imagenes/Procedimiento1.png Graphic file (type png)
<use imagenes/Procedimiento1.png>
Package pdftex.def Info: imagenes/Procedimiento1.png  used on input line 370.
(pdftex.def)             Requested size: 241.49895pt x 44.38527pt.
<imagenes/Procedimiento2 ACEPTADO.png, id=54, 931.22906pt x 140.02313pt>
File: imagenes/Procedimiento2 ACEPTADO.png Graphic file (type png)
<use imagenes/Procedimiento2 ACEPTADO.png>
Package pdftex.def Info: imagenes/Procedimiento2 ACEPTADO.png  used on input line 376.
(pdftex.def)             Requested size: 241.49895pt x 36.31114pt.
<imagenes/Procedimiento2 ERROR.png, id=55, 1003.49907pt x 657.2053pt>
File: imagenes/Procedimiento2 ERROR.png Graphic file (type png)
<use imagenes/Procedimiento2 ERROR.png>
Package pdftex.def Info: imagenes/Procedimiento2 ERROR.png  used on input line 382.
(pdftex.def)             Requested size: 241.49895pt x 158.15367pt.
 [11 <./imagenes/Consulta 2.png> <./imagenes/Consulta3.png> <./imagenes/Procedimiento1.png> <./imagenes/Procedimiento2 ACEPTADO.png>]
<imagenes/Procedimiento3.png, id=63, 650.43pt x 490.83376pt>
File: imagenes/Procedimiento3.png Graphic file (type png)
<use imagenes/Procedimiento3.png>
Package pdftex.def Info: imagenes/Procedimiento3.png  used on input line 388.
(pdftex.def)             Requested size: 241.49895pt x 182.24225pt.
<imagenes/Procedimiento4.png, id=64, 356.0803pt x 490.08093pt>
File: imagenes/Procedimiento4.png Graphic file (type png)
<use imagenes/Procedimiento4.png>
Package pdftex.def Info: imagenes/Procedimiento4.png  used on input line 394.
(pdftex.def)             Requested size: 241.49895pt x 332.3757pt.
 [12 <./imagenes/Procedimiento2 ERROR.png> <./imagenes/Procedimiento3.png>]
<imagenes/Procedimiento5.png, id=70, 394.47375pt x 512.66531pt>
File: imagenes/Procedimiento5.png Graphic file (type png)
<use imagenes/Procedimiento5.png>
Package pdftex.def Info: imagenes/Procedimiento5.png  used on input line 400.
(pdftex.def)             Requested size: 241.49895pt x 313.85184pt.
 [13 <./imagenes/Procedimiento4.png>]
<imagenes/Procedimiento6.png, id=76, 1016.29688pt x 191.9672pt>
File: imagenes/Procedimiento6.png Graphic file (type png)
<use imagenes/Procedimiento6.png>
Package pdftex.def Info: imagenes/Procedimiento6.png  used on input line 406.
(pdftex.def)             Requested size: 241.49895pt x 45.6161pt.
<imagenes/Procedimiento7.png, id=77, 628.59843pt x 172.39406pt>
File: imagenes/Procedimiento7.png Graphic file (type png)
<use imagenes/Procedimiento7.png>
Package pdftex.def Info: imagenes/Procedimiento7.png  used on input line 412.
(pdftex.def)             Requested size: 241.49895pt x 66.23117pt.
 [14 <./imagenes/Procedimiento5.png> <./imagenes/Procedimiento6.png>]
<imagenes/Procedimiento8.png, id=83, 492.33937pt x 499.11469pt>
File: imagenes/Procedimiento8.png Graphic file (type png)
<use imagenes/Procedimiento8.png>
Package pdftex.def Info: imagenes/Procedimiento8.png  used on input line 418.
(pdftex.def)             Requested size: 241.49895pt x 244.82727pt.
 [15 <./imagenes/Procedimiento7.png> <./imagenes/Procedimiento8.png>]
File: imagenes/Procedimiento1.png Graphic file (type png)
<use imagenes/Procedimiento1.png>
Package pdftex.def Info: imagenes/Procedimiento1.png  used on input line 440.
(pdftex.def)             Requested size: 241.49895pt x 44.38527pt.
<imagenes/OP_VAL3.png, id=89, 444.15938pt x 285.31593pt>
File: imagenes/OP_VAL3.png Graphic file (type png)
<use imagenes/OP_VAL3.png>
Package pdftex.def Info: imagenes/OP_VAL3.png  used on input line 448.
(pdftex.def)             Requested size: 241.49895pt x 155.13057pt.

Underfull \hbox (badness 10000) in paragraph at lines 463--463
[]|\T1/cmr/m/n/10 Estandarizar
 []


Underfull \hbox (badness 10000) in paragraph at lines 463--463
\T1/cmr/m/n/10 la crea-ción de
 []


Underfull \hbox (badness 6236) in paragraph at lines 463--463
\T1/cmr/m/n/10 ta-blas con nom-
 []


Underfull \hbox (badness 6510) in paragraph at lines 463--463
\T1/cmr/m/n/10 bres lim-pios (ej.
 []


Underfull \hbox (badness 10000) in paragraph at lines 463--463
[]|\T1/cmr/m/n/10 Guardar de-ta-lles
 []


Underfull \hbox (badness 10000) in paragraph at lines 463--463
\T1/cmr/m/n/10 quía in-ser-tan-do
 []


Underfull \hbox (badness 1163) in paragraph at lines 463--463
\T1/cmr/m/n/10 pri-me-ro los da-tos
 []


Underfull \hbox (badness 3375) in paragraph at lines 463--463
\T1/cmr/m/n/10 pa-dre (ca-te-go-rías,
 []


Underfull \hbox (badness 10000) in paragraph at lines 463--463
[]|\T1/cmr/m/n/10 Usar \T1/cmtt/m/n/10 DROP
 []


Underfull \hbox (badness 10000) in paragraph at lines 463--463
\T1/cmtt/m/n/10 PROCEDURE IF
 []

[16 <./imagenes/OP_VAL3.png>]
Overfull \hbox (63.87741pt too wide) in paragraph at lines 479--481
\T1/cmr/m/n/10 pa-so pa-ra prin-ci-pian-tes MySQL YA. Mysql YA. https://mysqlya.com.ar/tutoriales/crear-
 []


Overfull \hbox (144.6055pt too wide) in paragraph at lines 481--483
\T1/cmr/m/n/10 MYSQL WORK-BENCH (BD IN-VEN-TA-RIO). https://base-de-datos-online.blogspot.com/2016/01/diseno-
 []


Overfull \hbox (1.53262pt too wide) in paragraph at lines 483--485
\T1/cmr/m/n/10 sul-ta. Par-ziby-te. https://parzibyte.me/blog/posts/mysql-inner-join-count-
 []

[17]
Overfull \hbox (94.98093pt too wide) in paragraph at lines 485--486
[]\T1/cmr/m/n/10 Tipo de le-tra en La-TeX | Ma-nual-de-la-tex.com. (s. f.). https://manualdelatex.com/tutoriales/tipo-
 []

[18] (DocumentacionProyectoFinalBD.aux
LaTeX Info: Redefining \. on input line 8.
LaTeX Info: Redefining \% on input line 8.
)
 ***********
LaTeX2e <2025-11-01>
L3 programming layer <2025-12-24>
 ***********


LaTeX Warning: There were multiply-defined labels.

 ) 
Here is how much of TeX's memory you used:
 5951 strings out of 467871
 93435 string characters out of 5416925
 985309 words of memory out of 5000000
 34788 multiletter control sequences out of 15000+600000
 638689 words of font info for 61 fonts, out of 8000000 for 9000
 1141 hyphenation exceptions out of 8191
 57i,11n,65p,421b,1936s stack positions out of 10000i,1000n,20000p,200000b,200000s
 <C:\Users\Personal\AppData\Local\MiKTeX\fonts/pk/ljfour/jknappen/ec/dpi600\ecti1000.pk> <C:\Users\Personal\AppData\Local\MiKTeX\fonts/pk/ljfour/jknappen/ec/dpi600\ectt0800.pk> <C:\Users\Personal\AppData\Local\MiKTeX\fonts/pk/ljfour/jknappen/ec/dpi600\ecrm0500.pk> <C:\Users\Personal\AppData\Local\MiKTeX\fonts/pk/ljfour/jknappen/ec/dpi600\ectt1000.pk> <C:\Users\Personal\AppData\Local\MiKTeX\fonts/pk/ljfour/jknappen/ec/dpi600\ecbx1000.pk> <C:\Users\Personal\AppData\Local\MiKTeX\fonts/pk/ljfour/jknappen/ec/dpi600\ecbx1200.pk> <C:\Users\Personal\AppData\Local\MiKTeX\fonts/pk/ljfour/jknappen/ec/dpi600\ecrm1000.pk> <C:\Users\Personal\AppData\Local\MiKTeX\fonts/pk/ljfour/jknappen/ec/dpi600\ecbx1440.pk> <C:\Users\Personal\AppData\Local\MiKTeX\fonts/pk/ljfour/jknappen/ec/dpi600\ecrm1200.pk> <C:\Users\Personal\AppData\Local\MiKTeX\fonts/pk/ljfour/jknappen/ec/dpi600\ecrm1728.pk>
Output written on DocumentacionProyectoFinalBD.pdf (18 pages, 772714 bytes).
PDF statistics:
 530 PDF objects out of 1000 (max. 8388607)
 0 named destinations out of 1000 (max. 500000)
 81 words of extra memory for PDF output out of 10000 (max. 10000000)

